<?xml version="1.0" encoding="UTF-8"?>
<testng-results ignored="1" total="3" passed="2" failed="0" skipped="0">
  <reporter-output>
  </reporter-output>
  <suite started-at="2023-08-17T23:41:10 IST" name="Suite2" finished-at="2023-08-17T23:41:33 IST" duration-ms="23496">
    <groups>
      <group name="Sanity">
        <method signature="TestCases.loginTest()[pri:0, instance:testCases.TestCases@5ed828d]" name="loginTest" class="testCases.TestCases"/>
      </group> <!-- Sanity -->
      <group name="Smoke">
        <method signature="TestCases.fileUpload()[pri:0, instance:testCases.TestCases@5ed828d]" name="fileUpload" class="testCases.TestCases"/>
      </group> <!-- Smoke -->
    </groups>
    <test started-at="2023-08-17T23:41:10 IST" name="Test2" finished-at="2023-08-17T23:41:33 IST" duration-ms="23496">
      <class name="testCases.TestCases">
        <test-method is-config="true" signature="start()[pri:0, instance:testCases.TestCases@5ed828d]" started-at="2023-08-17T23:41:10 IST" name="start" finished-at="2023-08-17T23:41:10 IST" duration-ms="90" status="PASS">
          <reporter-output>
          </reporter-output>
        </test-method> <!-- start -->
        <test-method is-config="true" signature="setUp()[pri:0, instance:testCases.TestCases@5ed828d]" started-at="2023-08-17T23:41:10 IST" name="setUp" finished-at="2023-08-17T23:41:17 IST" duration-ms="6682" status="PASS">
          <reporter-output>
          </reporter-output>
        </test-method> <!-- setUp -->
        <test-method signature="fileUpload()[pri:0, instance:testCases.TestCases@5ed828d]" started-at="2023-08-17T23:41:17 IST" name="fileUpload" finished-at="2023-08-17T23:41:23 IST" duration-ms="6469" status="PASS">
          <reporter-output>
          </reporter-output>
        </test-method> <!-- fileUpload -->
        <test-method is-config="true" signature="TakeDown()[pri:0, instance:testCases.TestCases@5ed828d]" started-at="2023-08-17T23:41:23 IST" name="TakeDown" finished-at="2023-08-17T23:41:23 IST" duration-ms="238" status="PASS">
          <reporter-output>
          </reporter-output>
        </test-method> <!-- TakeDown -->
        <test-method is-config="true" signature="setUp()[pri:0, instance:testCases.TestCases@5ed828d]" started-at="2023-08-17T23:41:23 IST" name="setUp" finished-at="2023-08-17T23:41:30 IST" duration-ms="6287" status="PASS">
          <reporter-output>
          </reporter-output>
        </test-method> <!-- setUp -->
        <test-method signature="loginTest()[pri:0, instance:testCases.TestCases@5ed828d]" started-at="2023-08-17T23:41:30 IST" name="loginTest" finished-at="2023-08-17T23:41:33 IST" duration-ms="3513" status="PASS">
          <reporter-output>
          </reporter-output>
        </test-method> <!-- loginTest -->
        <test-method is-config="true" signature="TakeDown()[pri:0, instance:testCases.TestCases@5ed828d]" started-at="2023-08-17T23:41:33 IST" name="TakeDown" finished-at="2023-08-17T23:41:33 IST" duration-ms="186" status="PASS">
          <reporter-output>
          </reporter-output>
        </test-method> <!-- TakeDown -->
        <test-method is-config="true" signature="stop()[pri:0, instance:testCases.TestCases@5ed828d]" started-at="2023-08-17T23:41:33 IST" name="stop" finished-at="2023-08-17T23:41:33 IST" duration-ms="2" status="PASS">
          <reporter-output>
          </reporter-output>
        </test-method> <!-- stop -->
      </class> <!-- testCases.TestCases -->
    </test> <!-- Test2 -->
  </suite> <!-- Suite2 -->
</testng-results>
