<?xml version="1.0" encoding="UTF-8"?>
<!-- Generated by org.testng.reporters.JUnitXMLReporter -->
<testsuite ignored="0" hostname="DESKTOP-FV0KD14" failures="0" tests="3" name="Test2" time="33.01" errors="0" timestamp="2023-08-18T09:13:58 IST">
  <testcase classname="testCases.TestCases" name="fileUpload" time="7.354"/>
  <testcase classname="testCases.TestCases" name="loginTest" time="4.258"/>
  <testcase classname="testCases.TestCases" name="testFilpkart" time="4.864"/>
</testsuite> <!-- Test2 -->
