<?xml version="1.0" encoding="UTF-8"?>
<!-- Generated by org.testng.reporters.JUnitXMLReporter -->
<testsuite ignored="9" hostname="DESKTOP-FV0KD14" failures="0" tests="1" name="Default test" time="36.468" errors="0" timestamp="2024-02-25T15:58:49 IST">
  <testcase classname="testCases.TestCases" name="admin_usersLog" time="25.03"/>
  <testcase classname="testCases.TestCases" name="configuration_Grouping" time="0.0">
    <ignored/>
  </testcase> <!-- configuration_Grouping -->
  <testcase classname="testCases.TestCases" name="AQMloginAccessTest" time="0.0">
    <ignored/>
  </testcase> <!-- AQMloginAccessTest -->
  <testcase classname="testCases.TestCases" name="admin_addusers" time="0.0">
    <ignored/>
  </testcase> <!-- admin_addusers -->
  <testcase classname="testCases.TestCases" name="admin_Users" time="0.0">
    <ignored/>
  </testcase> <!-- admin_Users -->
  <testcase classname="testCases.TestCases" name="configuration" time="0.0">
    <ignored/>
  </testcase> <!-- configuration -->
  <testcase classname="testCases.TestCases" name="sideBarDashboard" time="0.0">
    <ignored/>
  </testcase> <!-- sideBarDashboard -->
  <testcase classname="testCases.TestCases" name="configuration_Grouping_AddGroup" time="0.0">
    <ignored/>
  </testcase> <!-- configuration_Grouping_AddGroup -->
  <testcase classname="testCases.TestCases" name="Config_Device" time="0.0">
    <ignored/>
  </testcase> <!-- Config_Device -->
  <testcase classname="testCases.TestCases" name="configuration_parameter" time="0.0">
    <ignored/>
  </testcase> <!-- configuration_parameter -->
</testsuite> <!-- Default test -->
