<?xml version="1.0" encoding="UTF-8"?>
<testng-results ignored="9" total="10" passed="1" failed="0" skipped="0">
  <reporter-output>
  </reporter-output>
  <suite started-at="2024-02-25T15:58:13 IST" name="Default suite" finished-at="2024-02-25T15:58:49 IST" duration-ms="36468">
    <groups>
    </groups>
    <test started-at="2024-02-25T15:58:13 IST" name="Default test" finished-at="2024-02-25T15:58:49 IST" duration-ms="36468">
      <class name="testCases.TestCases">
        <test-method is-config="true" signature="start()[pri:0, instance:testCases.TestCases@2d52216b]" started-at="2024-02-25T15:58:13 IST" name="start" finished-at="2024-02-25T15:58:13 IST" duration-ms="118" status="PASS">
          <reporter-output>
          </reporter-output>
        </test-method> <!-- start -->
        <test-method is-config="true" signature="setUp()[pri:0, instance:testCases.TestCases@2d52216b]" started-at="2024-02-25T15:58:13 IST" name="setUp" finished-at="2024-02-25T15:58:22 IST" duration-ms="9391" status="PASS">
          <reporter-output>
          </reporter-output>
        </test-method> <!-- setUp -->
        <test-method signature="admin_usersLog()[pri:10, instance:testCases.TestCases@2d52216b]" started-at="2024-02-25T15:58:22 IST" name="admin_usersLog" finished-at="2024-02-25T15:58:47 IST" duration-ms="25030" status="PASS">
          <reporter-output>
          </reporter-output>
        </test-method> <!-- admin_usersLog -->
        <test-method is-config="true" signature="TakeDown()[pri:0, instance:testCases.TestCases@2d52216b]" started-at="2024-02-25T15:58:47 IST" name="TakeDown" finished-at="2024-02-25T15:58:49 IST" duration-ms="1885" status="PASS">
          <reporter-output>
          </reporter-output>
        </test-method> <!-- TakeDown -->
        <test-method is-config="true" signature="stop()[pri:0, instance:testCases.TestCases@2d52216b]" started-at="2024-02-25T15:58:49 IST" name="stop" finished-at="2024-02-25T15:58:49 IST" duration-ms="1" status="PASS">
          <reporter-output>
          </reporter-output>
        </test-method> <!-- stop -->
      </class> <!-- testCases.TestCases -->
    </test> <!-- Default test -->
  </suite> <!-- Default suite -->
</testng-results>
