<?xml version="1.0" encoding="UTF-8"?>
<!-- Generated by org.testng.reporters.JUnitXMLReporter -->
<testsuite ignored="0" hostname="DESKTOP-FV0KD14" failures="0" tests="8" name="Test" time="181.176" errors="0" timestamp="2024-02-25T08:20:48 IST">
  <testcase classname="testCases.TestCases" name="admin_Users" time="8.156"/>
  <testcase classname="testCases.TestCases" name="AQMloginAccessTest" time="4.085"/>
  <testcase classname="testCases.TestCases" name="sideBarDashboard" time="20.516"/>
  <testcase classname="testCases.TestCases" name="configuration" time="27.387"/>
  <testcase classname="testCases.TestCases" name="Config_Device" time="14.908"/>
  <testcase classname="testCases.TestCases" name="configuration_parameter" time="16.942"/>
  <testcase classname="testCases.TestCases" name="configuration_Grouping" time="19.111"/>
  <testcase classname="testCases.TestCases" name="configuration_Grouping_AddGroup" time="11.397"/>
</testsuite> <!-- Test -->
